  [4;36;1mSQL (0.2ms)[0m   [0;1mSET NAMES 'utf8'[0m
  [4;35;1mSQL (0.2ms)[0m   [0mSET SQL_AUTO_IS_NULL=0[0m
  [4;36;1mSQL (0.6ms)[0m   [0;1mSHOW TABLES[0m
  [4;35;1mSQL (0.6ms)[0m   [0mSELECT version FROM schema_migrations[0m
Migrating to CreateUsers (20100715194531)
Migrating to CreateRoles (20100722195231)
Migrating to CreatePermissions (20100722195301)
Migrating to CreateUserRoles (20100722223842)
Migrating to CreateRolePermissions (20100722230056)
Migrating to AjusteUserRoles (20100723200640)
Migrating to AjusteRolePermissions (20100723210941)
Migrating to AjusteTypeVariaveisBanco (20100726174249)
  [4;36;1mSQL (0.2ms)[0m   [0;1mSET NAMES 'utf8'[0m
  [4;35;1mSQL (0.2ms)[0m   [0mSET SQL_AUTO_IS_NULL=0[0m
  [4;36;1mSQL (0.5ms)[0m   [0;1mSHOW TABLES[0m
  [4;35;1mSQL (0.1ms)[0m   [0mSELECT version FROM schema_migrations[0m
Migrating to CreateUsers (20100715194531)
Migrating to CreateRoles (20100722195231)
Migrating to CreatePermissions (20100722195301)
Migrating to CreateUserRoles (20100722223842)
Migrating to CreateRolePermissions (20100722230056)
Migrating to AjusteUserRoles (20100723200640)
Migrating to AjusteRolePermissions (20100723210941)
Migrating to AjusteTypeVariaveisBanco (20100726174249)
  [4;36;1mSQL (1.3ms)[0m   [0;1mSHOW FIELDS FROM `role_permissions`[0m
  [4;35;1mSQL (64.0ms)[0m   [0mALTER TABLE `role_permissions` CHANGE `role_id` `role_id` int DEFAULT NULL[0m
  [4;36;1mSQL (1.3ms)[0m   [0;1mSHOW FIELDS FROM `role_permissions`[0m
  [4;35;1mSQL (9.0ms)[0m   [0mALTER TABLE `role_permissions` CHANGE `permission_id` `permission_id` int DEFAULT NULL[0m
  [4;36;1mSQL (1.1ms)[0m   [0;1mSHOW FIELDS FROM `user_roles`[0m
  [4;35;1mSQL (11.3ms)[0m   [0mALTER TABLE `user_roles` CHANGE `user_id` `user_id` int DEFAULT NULL[0m
  [4;36;1mSQL (1.2ms)[0m   [0;1mSHOW FIELDS FROM `user_roles`[0m
  [4;35;1mSQL (32.7ms)[0m   [0mALTER TABLE `user_roles` CHANGE `role_id` `role_id` int DEFAULT NULL[0m
  [4;36;1mSQL (2.0ms)[0m   [0;1mINSERT INTO schema_migrations (version) VALUES ('20100726174249')[0m
  [4;35;1mSQL (5.6ms)[0m   [0mSHOW TABLES[0m
  [4;36;1mSQL (0.3ms)[0m   [0;1mSELECT version FROM schema_migrations[0m
  [4;35;1mSQL (0.6ms)[0m   [0mSHOW TABLES[0m
  [4;36;1mSQL (0.9ms)[0m   [0;1mSHOW FIELDS FROM `permissions`[0m
  [4;35;1mSQL (0.8ms)[0m   [0mdescribe `permissions`[0m
  [4;36;1mSQL (0.4ms)[0m   [0;1mSHOW KEYS FROM `permissions`[0m
  [4;35;1mSQL (7.8ms)[0m   [0mSHOW FIELDS FROM `role_permissions`[0m
  [4;36;1mSQL (1.1ms)[0m   [0;1mdescribe `role_permissions`[0m
  [4;35;1mSQL (0.3ms)[0m   [0mSHOW KEYS FROM `role_permissions`[0m
  [4;36;1mSQL (0.9ms)[0m   [0;1mSHOW FIELDS FROM `roles`[0m
  [4;35;1mSQL (0.9ms)[0m   [0mdescribe `roles`[0m
  [4;36;1mSQL (0.3ms)[0m   [0;1mSHOW KEYS FROM `roles`[0m
  [4;35;1mSQL (1.2ms)[0m   [0mSHOW FIELDS FROM `user_roles`[0m
  [4;36;1mSQL (1.5ms)[0m   [0;1mdescribe `user_roles`[0m
  [4;35;1mSQL (6.9ms)[0m   [0mSHOW KEYS FROM `user_roles`[0m
  [4;36;1mSQL (1.4ms)[0m   [0;1mSHOW FIELDS FROM `users`[0m
  [4;35;1mSQL (45.7ms)[0m   [0mdescribe `users`[0m
  [4;36;1mSQL (0.5ms)[0m   [0;1mSHOW KEYS FROM `users`[0m
